This is pdfTeX, Version 3.14159265-2.6-1.40.16 (TeX Live 2015/Debian) (preloaded format=pdflatex 2017.3.29)  30 MAR 2017 00:31
entering extended mode
 restricted \write18 enabled.
 %&-line parsing enabled.
**dict_to_4lang
(./dict_to_4lang.tex
LaTeX2e <2016/02/01>
Babel <3.9q> and hyphenation patterns for 81 language(s) loaded.

! LaTeX Error: Missing \begin{document}.

See the LaTeX manual or LaTeX Companion for explanation.
Type  H <return>  for immediate help.
 ...                                              
                                                  
l.1 ï
     »¿% vi: tw=79
? 
Missing character: There is no ï in font nullfont!
Missing character: There is no » in font nullfont!
Missing character: There is no ¿ in font nullfont!
(/usr/share/texlive/texmf-dist/tex/latex/base/article.cls
Document Class: article 2014/09/29 v1.4h Standard LaTeX document class
(/usr/share/texlive/texmf-dist/tex/latex/base/size10.clo
File: size10.clo 2014/09/29 v1.4h Standard LaTeX file (size option)
)
\c@part=\count79
\c@section=\count80
\c@subsection=\count81
\c@subsubsection=\count82
\c@paragraph=\count83
\c@subparagraph=\count84

Overfull \hbox (20.0pt too wide) in paragraph at lines 1--289
[]
 []

\c@figure=\count85
\c@table=\count86
\abovecaptionskip=\skip41
\belowcaptionskip=\skip42
\bibindent=\dimen102
[1{/var/lib/texmf/fonts/map/pdftex/updmap/pdftex.map}]) (./lrec2016.sty

LREC 2014 Proceedings style -- Februar 2014

\titlebox=\skip43
) (/usr/share/texlive/texmf-dist/tex/latex/multibib/multibib.sty
Package: multibib 2008/12/10 v1.4 Multiple bibliographies for one document.
\mb@biblabelwidth=\count87
)
\@auxoutlanguageresource=\write3

(./languageresource.aux)
\openout3 = `languageresource.aux'.


(/usr/share/texlive/texmf-dist/tex/latex/amsmath/amsmath.sty
Package: amsmath 2016/03/03 v2.15a AMS math features
\@mathmargin=\skip44

For additional information on amsmath, use the `?' option.
(/usr/share/texlive/texmf-dist/tex/latex/amsmath/amstext.sty
Package: amstext 2000/06/29 v2.01 AMS text

(/usr/share/texlive/texmf-dist/tex/latex/amsmath/amsgen.sty
File: amsgen.sty 1999/11/30 v2.0 generic functions
\@emptytoks=\toks14
\ex@=\dimen103
))
(/usr/share/texlive/texmf-dist/tex/latex/amsmath/amsbsy.sty
Package: amsbsy 1999/11/29 v1.2d Bold Symbols
\pmbraise@=\dimen104
)
(/usr/share/texlive/texmf-dist/tex/latex/amsmath/amsopn.sty
Package: amsopn 1999/12/14 v2.01 operator names
)
\inf@bad=\count88
LaTeX Info: Redefining \frac on input line 199.
\uproot@=\count89
\leftroot@=\count90
LaTeX Info: Redefining \overline on input line 297.
\classnum@=\count91
\DOTSCASE@=\count92
LaTeX Info: Redefining \ldots on input line 394.
LaTeX Info: Redefining \dots on input line 397.
LaTeX Info: Redefining \cdots on input line 518.
\Mathstrutbox@=\box26
\strutbox@=\box27
\big@size=\dimen105
LaTeX Font Info:    Redeclaring font encoding OML on input line 630.
LaTeX Font Info:    Redeclaring font encoding OMS on input line 631.
\macc@depth=\count93
\c@MaxMatrixCols=\count94
\dotsspace@=\muskip10
\c@parentequation=\count95
\dspbrk@lvl=\count96
\tag@help=\toks15
\row@=\count97
\column@=\count98
\maxfields@=\count99
\andhelp@=\toks16
\eqnshift@=\dimen106
\alignsep@=\dimen107
\tagshift@=\dimen108
\tagwidth@=\dimen109
\totwidth@=\dimen110
\lineht@=\dimen111
\@envbody=\toks17
\multlinegap=\skip45
\multlinetaggap=\skip46
\mathdisplay@stack=\toks18
LaTeX Info: Redefining \[ on input line 2735.
LaTeX Info: Redefining \] on input line 2736.
)
(/usr/share/texlive/texmf-dist/tex/latex/booktabs/booktabs.sty
Package: booktabs 2005/04/14 v1.61803 publication quality tables
\heavyrulewidth=\dimen112
\lightrulewidth=\dimen113
\cmidrulewidth=\dimen114
\belowrulesep=\dimen115
\belowbottomsep=\dimen116
\aboverulesep=\dimen117
\abovetopsep=\dimen118
\cmidrulesep=\dimen119
\cmidrulekern=\dimen120
\defaultaddspace=\dimen121
\@cmidla=\count100
\@cmidlb=\count101
\@aboverulesep=\dimen122
\@belowrulesep=\dimen123
\@thisruleclass=\count102
\@lastruleclass=\count103
\@thisrulewidth=\dimen124
)
(/usr/share/texlive/texmf-dist/tex/latex/multirow/multirow.sty
\bigstrutjot=\dimen125
)
(/usr/share/texlive/texmf-dist/tex/latex/graphics/graphicx.sty
Package: graphicx 2014/10/28 v1.0g Enhanced LaTeX Graphics (DPC,SPQR)

(/usr/share/texlive/texmf-dist/tex/latex/graphics/keyval.sty
Package: keyval 2014/10/28 v1.15 key=value parser (DPC)
\KV@toks@=\toks19
)
(/usr/share/texlive/texmf-dist/tex/latex/graphics/graphics.sty
Package: graphics 2016/01/03 v1.0q Standard LaTeX Graphics (DPC,SPQR)

(/usr/share/texlive/texmf-dist/tex/latex/graphics/trig.sty
Package: trig 2016/01/03 v1.10 sin cos tan (DPC)
)
(/usr/share/texlive/texmf-dist/tex/latex/latexconfig/graphics.cfg
File: graphics.cfg 2010/04/23 v1.9 graphics configuration of TeX Live
)
Package graphics Info: Driver file: pdftex.def on input line 95.

(/usr/share/texlive/texmf-dist/tex/latex/pdftex-def/pdftex.def
File: pdftex.def 2011/05/27 v0.06d Graphics/color for pdfTeX

(/usr/share/texlive/texmf-dist/tex/generic/oberdiek/infwarerr.sty
Package: infwarerr 2010/04/08 v1.3 Providing info/warning/error messages (HO)
)
(/usr/share/texlive/texmf-dist/tex/generic/oberdiek/ltxcmds.sty
Package: ltxcmds 2011/11/09 v1.22 LaTeX kernel commands for general use (HO)
)
\Gread@gobject=\count104
))
\Gin@req@height=\dimen126
\Gin@req@width=\dimen127
)
(/usr/share/texlive/texmf-dist/tex/latex/synttree/synttree.sty
\MTr@level=\count105
\MTr@numchildren=\count106
\MTr@maxlevel=\count107
\MTr@mybranchmult=\count108
\MTr@labelbox=\box28
\MTr@treebox=\box29
\MTr@treev=\count109
\MTr@treew=\count110
\MTr@treeheight=\count111
\MTr@treedepth=\count112
\MTr@branchmult=\count113
\MTr@labeldepth=\count114
\MTr@labelheight=\count115
\MTr@labelhalfwidth=\count116
\MTr@morex=\count117
\MTr@parenty=\count118
\MTr@picwidth=\count119
\MTr@picheight=\count120
\MTr@templength=\skip47
\MTr@loopcnta=\count121
\MTr@tempcnta=\count122
\MTr@tempcntb=\count123
\MTr@tempcntc=\count124
\MTr@branchheight=\count125
\MTr@trianglemultright=\count126
\MTr@trianglemultleft=\count127
\MTr@lineoffset=\count128
\MTr@minheight=\skip48
\MTr@childsidesep=\count129
\MTr@childattachsep=\count130
)
(/usr/share/texlive/texmf-dist/tex/latex/psnfss/times.sty
Package: times 2005/04/12 PSNFSS-v9.2a (SPQR) 
)
(/usr/share/texlive/texmf-dist/tex/latex/base/latexsym.sty
Package: latexsym 1998/08/17 v2.2e Standard LaTeX package (lasy symbols)
\symlasy=\mathgroup4
LaTeX Font Info:    Overwriting symbol font `lasy' in version `bold'
(Font)                  U/lasy/m/n --> U/lasy/b/n on input line 52.
)
(./dict_to_4lang.aux)
\openout1 = `dict_to_4lang.aux'.

LaTeX Font Info:    Checking defaults for OML/cmm/m/it on input line 26.
LaTeX Font Info:    ... okay on input line 26.
LaTeX Font Info:    Checking defaults for T1/cmr/m/n on input line 26.
LaTeX Font Info:    ... okay on input line 26.
LaTeX Font Info:    Checking defaults for OT1/cmr/m/n on input line 26.
LaTeX Font Info:    ... okay on input line 26.
LaTeX Font Info:    Checking defaults for OMS/cmsy/m/n on input line 26.
LaTeX Font Info:    ... okay on input line 26.
LaTeX Font Info:    Checking defaults for OMX/cmex/m/n on input line 26.
LaTeX Font Info:    ... okay on input line 26.
LaTeX Font Info:    Checking defaults for U/cmr/m/n on input line 26.
LaTeX Font Info:    ... okay on input line 26.
LaTeX Font Info:    Try loading font information for OT1+ptm on input line 26.
 (/usr/share/texlive/texmf-dist/tex/latex/psnfss/ot1ptm.fd
File: ot1ptm.fd 2001/06/04 font definitions for OT1/ptm.
) (/usr/share/texlive/texmf-dist/tex/context/base/supp-pdf.mkii
[Loading MPS to PDF converter (version 2006.09.02).]
\scratchcounter=\count131
\scratchdimen=\dimen128
\scratchbox=\box30
\nofMPsegments=\count132
\nofMParguments=\count133
\everyMPshowfont=\toks20
\MPscratchCnt=\count134
\MPscratchDim=\dimen129
\MPnumerator=\count135
\makeMPintoPDFobject=\count136
\everyMPtoPDFconversion=\toks21
) (/usr/share/texlive/texmf-dist/tex/generic/oberdiek/pdftexcmds.sty
Package: pdftexcmds 2011/11/29 v0.20 Utility functions of pdfTeX for LuaTeX (HO
)

(/usr/share/texlive/texmf-dist/tex/generic/oberdiek/ifluatex.sty
Package: ifluatex 2010/03/01 v1.3 Provides the ifluatex switch (HO)
Package ifluatex Info: LuaTeX not detected.
)
(/usr/share/texlive/texmf-dist/tex/generic/oberdiek/ifpdf.sty
Package: ifpdf 2011/01/30 v2.3 Provides the ifpdf switch (HO)
Package ifpdf Info: pdfTeX in PDF mode is detected.
)
Package pdftexcmds Info: LuaTeX not detected.
Package pdftexcmds Info: \pdf@primitive is available.
Package pdftexcmds Info: \pdf@ifprimitive is available.
Package pdftexcmds Info: \pdfdraftmode found.
)
(/usr/share/texlive/texmf-dist/tex/latex/oberdiek/epstopdf-base.sty
Package: epstopdf-base 2010/02/09 v2.5 Base part for package epstopdf

(/usr/share/texlive/texmf-dist/tex/latex/oberdiek/grfext.sty
Package: grfext 2010/08/19 v1.1 Manage graphics extensions (HO)

(/usr/share/texlive/texmf-dist/tex/generic/oberdiek/kvdefinekeys.sty
Package: kvdefinekeys 2011/04/07 v1.3 Define keys (HO)
))
(/usr/share/texlive/texmf-dist/tex/latex/oberdiek/kvoptions.sty
Package: kvoptions 2011/06/30 v3.11 Key value format for package options (HO)

(/usr/share/texlive/texmf-dist/tex/generic/oberdiek/kvsetkeys.sty
Package: kvsetkeys 2012/04/25 v1.16 Key value parser (HO)

(/usr/share/texlive/texmf-dist/tex/generic/oberdiek/etexcmds.sty
Package: etexcmds 2011/02/16 v1.5 Avoid name clashes with e-TeX commands (HO)
Package etexcmds Info: Could not find \expanded.
(etexcmds)             That can mean that you are not using pdfTeX 1.50 or
(etexcmds)             that some package has redefined \expanded.
(etexcmds)             In the latter case, load this package earlier.
)))
Package grfext Info: Graphics extension search list:
(grfext)             [.png,.pdf,.jpg,.mps,.jpeg,.jbig2,.jb2,.PNG,.PDF,.JPG,.JPE
G,.JBIG2,.JB2,.eps]
(grfext)             \AppendGraphicsExtensions on input line 452.

(/usr/share/texlive/texmf-dist/tex/latex/latexconfig/epstopdf-sys.cfg
File: epstopdf-sys.cfg 2010/07/13 v1.3 Configuration of (r)epstopdf for TeX Liv
e
))
LaTeX Font Info:    Font shape `OT1/ptm/bx/n' in size <14.4> not available
(Font)              Font shape `OT1/ptm/b/n' tried instead on input line 27.
LaTeX Font Info:    Try loading font information for U+lasy on input line 27.

(/usr/share/texlive/texmf-dist/tex/latex/base/ulasy.fd
File: ulasy.fd 1998/08/17 v2.2e LaTeX symbol font definitions
)
LaTeX Font Info:    Font shape `OT1/ptm/bx/n' in size <12> not available
(Font)              Font shape `OT1/ptm/b/n' tried instead on input line 27.
LaTeX Font Info:    Font shape `OT1/ptm/bx/n' in size <10> not available
(Font)              Font shape `OT1/ptm/b/n' tried instead on input line 27.
LaTeX Font Info:    Font shape `OT1/ptm/bx/n' in size <9> not available
(Font)              Font shape `OT1/ptm/b/n' tried instead on input line 27.
LaTeX Font Info:    Try loading font information for OT1+pcr on input line 31.

(/usr/share/texlive/texmf-dist/tex/latex/psnfss/ot1pcr.fd
File: ot1pcr.fd 2001/06/04 font definitions for OT1/pcr.
)
Underfull \hbox (badness 1242) in paragraph at lines 31--33
\OT1/ptm/m/n/10 re-la-tions with ar-gu-ments of \OT1/pcr/m/n/10 4lang \OT1/ptm/
m/n/10 def-i-ni-tions. The
 []


Underfull \hbox (badness 5817) in paragraph at lines 31--33
\OT1/ptm/m/n/10 long-man dic-tio-nary def-i-ni-tions. The full pipeline
 []


Underfull \hbox (badness 2932) in paragraph at lines 31--33
\OT1/ptm/m/n/10 is avail-able for down-load un-der an MIT li-cense at
 []

<father.png, id=7, 100.375pt x 261.97874pt>
File: father.png Graphic file (type png)
 <use father.png>
Package pdftex.def Info: father.png used on input line 45.
(pdftex.def)             Requested size: 50.18736pt x 130.98904pt.

<fathernew.png, id=8, 200.75pt x 253.94875pt>
File: fathernew.png Graphic file (type png)
 <use fathernew.png>
Package pdftex.def Info: fathernew.png used on input line 52.
(pdftex.def)             Requested size: 100.37474pt x 126.97406pt.


LaTeX Warning: Reference `fig:Tributarynew' on page 2 undefined on input line 5
9.


Underfull \hbox (badness 1484) in paragraph at lines 59--60
\OT1/ptm/m/n/10 def-i-ni-tion graph \OT1/pcr/m/n/10 predicate $[]$ X \OT1/ptm/m
/n/10 then in our new
 []


Underfull \hbox (badness 10000) in paragraph at lines 59--60
\OT1/pcr/m/n/10 with a coloured pattern or picture on
 []


Underfull \hbox (badness 10000) in paragraph at lines 59--60
\OT1/pcr/m/n/10 a person, company, or organization that
 []


Underfull \hbox (badness 10000) in paragraph at lines 59--60
\OT1/pcr/m/n/10 money by buying land and then building
 []

[2



 <./father.png> <./fathernew.png>]
<creator.png, id=17, 235.88126pt x 462.72874pt>
File: creator.png Graphic file (type png)
 <use creator.png>
Package pdftex.def Info: creator.png used on input line 64.
(pdftex.def)             Requested size: 117.94034pt x 231.3638pt.

<creatornew.png, id=19, 396.48125pt x 448.67625pt>
File: creatornew.png Graphic file (type png)
 <use creatornew.png>
Package pdftex.def Info: creatornew.png used on input line 71.
(pdftex.def)             Requested size: 198.24013pt x 224.33757pt.

<tributary.png, id=20, 228.855pt x 585.18625pt>
File: tributary.png Graphic file (type png)
 <use tributary.png>
Package pdftex.def Info: tributary.png used on input line 78.
(pdftex.def)             Requested size: 114.42722pt x 292.5924pt.

<tributarynew.png, id=21, 352.31625pt x 405.515pt>
File: tributarynew.png Graphic file (type png)
 <use tributarynew.png>
Package pdftex.def Info: tributarynew.png used on input line 85.
(pdftex.def)             Requested size: 176.15768pt x 202.75699pt.

<flag.png, id=22, 657.45625pt x 911.405pt>
File: flag.png Graphic file (type png)
 <use flag.png>
Package pdftex.def Info: flag.png used on input line 92.
(pdftex.def)             Requested size: 328.72733pt x 455.70139pt.

Overfull \hbox (92.99635pt too wide) in paragraph at lines 92--93
 [][] 
 []

<employer.png, id=23, 432.61626pt x 708.6475pt>
File: employer.png Graphic file (type png)
 <use employer.png>
Package pdftex.def Info: employer.png used on input line 99.
(pdftex.def)             Requested size: 216.3076pt x 354.32289pt.

<employernew.png, id=24, 385.44pt x 434.62375pt>
File: employernew.png Graphic file (type png)
 <use employernew.png>
Package pdftex.def Info: employernew.png used on input line 106.
(pdftex.def)             Requested size: 192.71953pt x 217.31134pt.
LaTeX Font Info:    Font shape `OT1/pcr/bx/n' in size <12> not available
(Font)              Font shape `OT1/pcr/b/n' tried instead on input line 111.

Underfull \vbox (badness 10000) has occurred while \output is active []

 [3 <./creator.png> <./creatornew.png> <./tributary.png> <./tributarynew.png>]
(./dict_to_4lang.bbl

! LaTeX Error: Something's wrong--perhaps a missing \item.

See the LaTeX manual or LaTeX Companion for explanation.
Type  H <return>  for immediate help.
 ...                                              
                                                  
l.3 \end{thebibliography}
                         
? 
) [4 <./flag.png> <./employer.png> <./employernew.png>] (./dict_to_4lang.aux)

LaTeX Warning: There were undefined references.

 ) 
Here is how much of TeX's memory you used:
 2501 strings out of 493029
 34604 string characters out of 6136234
 108484 words of memory out of 5000000
 5977 multiletter control sequences out of 15000+600000
 16130 words of font info for 37 fonts, out of 8000000 for 9000
 1141 hyphenation exceptions out of 8191
 37i,12n,23p,2750b,258s stack positions out of 5000i,500n,10000p,200000b,80000s
{/usr/share/texlive/texmf-dist/fonts/enc/dvips/base/8r.enc}</usr/share/texliv
e/texmf-dist/fonts/type1/public/amsfonts/cm/cmr10.pfb></usr/share/texlive/texmf
-dist/fonts/type1/public/amsfonts/cm/cmr7.pfb></usr/share/texlive/texmf-dist/fo
nts/type1/public/amsfonts/cm/cmsy10.pfb></usr/share/texlive/texmf-dist/fonts/ty
pe1/urw/courier/ucrb8a.pfb></usr/share/texlive/texmf-dist/fonts/type1/urw/couri
er/ucrr8a.pfb></usr/share/texlive/texmf-dist/fonts/type1/urw/times/utmb8a.pfb><
/usr/share/texlive/texmf-dist/fonts/type1/urw/times/utmr8a.pfb>
Output written on dict_to_4lang.pdf (4 pages, 365352 bytes).
PDF statistics:
 63 PDF objects out of 1000 (max. 8388607)
 33 compressed objects within 1 object stream
 0 named destinations out of 1000 (max. 500000)
 46 words of extra memory for PDF output out of 10000 (max. 10000000)

